[debug] [2026-02-02T18:22:29.091Z] [Firebase Plugin] Activating Firebase extension.
[debug] [2026-02-02T18:22:41.445Z] [Firebase Plugin] requireAuthWrapper
[debug] [2026-02-02T18:22:41.448Z] > command requires scopes: ["email","openid","https://www.googleapis.com/auth/cloudplatformprojects.readonly","https://www.googleapis.com/auth/firebase","https://www.googleapis.com/auth/cloud-platform","https://www.googleapis.com/auth/userinfo.email"]
[debug] [2026-02-02T18:22:41.449Z] > authorizing via signed-in user (eplurisinc@gmail.com)
[debug] [2026-02-02T18:22:41.456Z] Checked if tokens are valid: true, expires at: 1770059407627
[debug] [2026-02-02T18:22:41.457Z] Checked if tokens are valid: true, expires at: 1770059407627
[debug] [2026-02-02T18:22:41.458Z] [Firebase Plugin] User found:  eplurisinc@gmail.com
[info] [Firebase Plugin] (Core:Project) New user detected, fetching projects
[debug] [2026-02-02T18:22:41.461Z] Checked if tokens are valid: true, expires at: 1770059407627
[debug] [2026-02-02T18:22:41.463Z] >>> [apiv2][query] GET https://firebase.googleapis.com/v1beta1/projects pageSize=1000
[debug] [2026-02-02T18:22:41.525Z] [Firebase Plugin] VSCode notification server listening on port 40002
[debug] [2026-02-02T18:22:41.921Z] <<< [apiv2][status] GET https://firebase.googleapis.com/v1beta1/projects 200
[debug] [2026-02-02T18:22:41.923Z] <<< [apiv2][body] GET https://firebase.googleapis.com/v1beta1/projects [omitted]
[info] [Firebase Plugin] Starting Data Connect toolkit (version 3.1.1) on port 50002
[debug] [2026-02-02T18:22:43.692Z] I0202 18:22:43.632544   27858 control.go:100] [/emulator/dashfronteplur 6893] UpdateResources(): done
Main schema: sources: schema/schema.gql [944B] 
 {"metadata":{"emulator":{"name":"dataconnect"},"message":"I0202 18:22:43.632544   27858 control.go:100] [/emulator/dashfronteplur 6893] UpdateResources(): done\nMain schema: sources: schema/schema.gql [944B] \n"}}
[debug] [2026-02-02T18:22:43.694Z] Ignoring unsupported arg: auto_download {"metadata":{"emulator":{"name":"dataconnect"},"message":"Ignoring unsupported arg: auto_download"}}
[debug] [2026-02-02T18:22:43.695Z] Ignoring unsupported arg: port {"metadata":{"emulator":{"name":"dataconnect"},"message":"Ignoring unsupported arg: port"}}
[debug] [2026-02-02T18:22:43.695Z] Starting Data Connect Emulator with command {"binary":"/home/user/.cache/firebase/emulators/dataconnect-emulator-3.1.1","args":["--logtostderr","-v=2","dev","--listen=localhost:50002","--config_dir=/home/user/dashfronteplur/dataconnect","--enable_output_schema_extensions=true","--enable_output_generated_sdk=true"],"optionalArgs":["listen","config_dir","enable_output_schema_extensions","enable_output_generated_sdk"],"joinArgs":true,"shell":false,"port":9399} {"metadata":{"emulator":{"name":"dataconnect"},"message":"Starting Data Connect Emulator with command {\"binary\":\"/home/user/.cache/firebase/emulators/dataconnect-emulator-3.1.1\",\"args\":[\"--logtostderr\",\"-v=2\",\"dev\",\"--listen=localhost:50002\",\"--config_dir=/home/user/dashfronteplur/dataconnect\",\"--enable_output_schema_extensions=true\",\"--enable_output_generated_sdk=true\"],\"optionalArgs\":[\"listen\",\"config_dir\",\"enable_output_schema_extensions\",\"enable_output_generated_sdk\"],\"joinArgs\":true,\"shell\":false,\"port\":9399}"}}
[info] i  dataconnect: Data Connect Emulator logging to dataconnect-debug.log {"metadata":{"emulator":{"name":"dataconnect"},"message":"Data Connect Emulator logging to dataconnect-debug.log"}}
[debug] [2026-02-02T18:22:43.882Z] I0202 18:22:43.879756   27863 load.go:31] Reloading schema and connectors...
 {"metadata":{"emulator":{"name":"dataconnect"},"message":"I0202 18:22:43.879756   27863 load.go:31] Reloading schema and connectors...\n"}}
[debug] [2026-02-02T18:22:44.044Z] I0202 18:22:44.044121   27863 control.go:100] [/emulator/dashfronteplur a33c] UpdateResources(): done
Main schema: sources: schema/schema.gql [944B] 
 {"metadata":{"emulator":{"name":"dataconnect"},"message":"I0202 18:22:44.044121   27863 control.go:100] [/emulator/dashfronteplur a33c] UpdateResources(): done\nMain schema: sources: schema/schema.gql [944B] \n"}}
[debug] [2026-02-02T18:22:44.188Z] I0202 18:22:44.187103   27863 collector.go:107] schema extensions wrote into "/home/user/dashfronteplur/dataconnect/.dataconnect/schema"
Generated sources: main/query.gql [7643B] main/mutation.gql [20650B] main/implicit.gql [3802B] prelude.gql [73281B] main/input.gql [59642B] main/relation.gql [30229B] 
I0202 18:22:44.187219   27863 load.go:109] Finished reloading
 {"metadata":{"emulator":{"name":"dataconnect"},"message":"I0202 18:22:44.187103   27863 collector.go:107] schema extensions wrote into \"/home/user/dashfronteplur/dataconnect/.dataconnect/schema\"\nGenerated sources: main/query.gql [7643B] main/mutation.gql [20650B] main/implicit.gql [3802B] prelude.gql [73281B] main/input.gql [59642B] main/relation.gql [30229B] \nI0202 18:22:44.187219   27863 load.go:109] Finished reloading\n"}}
[debug] [2026-02-02T18:22:44.217Z] I0202 18:22:44.215321   27863 dev.go:104] Listening on address (HTTP + gRPC): 127.0.0.1:50002
 {"metadata":{"emulator":{"name":"dataconnect"},"message":"I0202 18:22:44.215321   27863 dev.go:104] Listening on address (HTTP + gRPC): 127.0.0.1:50002\n"}}
[error] [Firebase Plugin] error:  {}
[info] [Firebase Plugin] Stopping Data Connect toolkit
[warn] ⚠  Data Connect Emulator has exited upon receiving signal: SIGINT 
[debug] [2026-02-02T18:48:27.077Z] [Firebase Plugin] Activating Firebase extension.
[debug] [2026-02-02T18:48:41.427Z] [Firebase Plugin] requireAuthWrapper
[debug] [2026-02-02T18:48:41.429Z] > command requires scopes: ["email","openid","https://www.googleapis.com/auth/cloudplatformprojects.readonly","https://www.googleapis.com/auth/firebase","https://www.googleapis.com/auth/cloud-platform","https://www.googleapis.com/auth/userinfo.email"]
[debug] [2026-02-02T18:48:41.430Z] > authorizing via signed-in user (eplurisinc@gmail.com)
[debug] [2026-02-02T18:48:41.435Z] Checked if tokens are valid: true, expires at: 1770059407627
[debug] [2026-02-02T18:48:41.436Z] Checked if tokens are valid: true, expires at: 1770059407627
[debug] [2026-02-02T18:48:41.437Z] [Firebase Plugin] User found:  eplurisinc@gmail.com
[info] [Firebase Plugin] (Core:Project) New user detected, fetching projects
[debug] [2026-02-02T18:48:41.440Z] Checked if tokens are valid: true, expires at: 1770059407627
[debug] [2026-02-02T18:48:41.442Z] >>> [apiv2][query] GET https://firebase.googleapis.com/v1beta1/projects pageSize=1000
[debug] [2026-02-02T18:48:41.495Z] [Firebase Plugin] VSCode notification server listening on port 40001
[debug] [2026-02-02T18:48:41.921Z] <<< [apiv2][status] GET https://firebase.googleapis.com/v1beta1/projects 200
[debug] [2026-02-02T18:48:41.922Z] <<< [apiv2][body] GET https://firebase.googleapis.com/v1beta1/projects [omitted]
[info] [Firebase Plugin] Starting Data Connect toolkit (version 3.1.1) on port 50001
[debug] [2026-02-02T18:48:43.445Z] I0202 18:48:43.404386   32761 control.go:100] [/emulator/dashfronteplur 0db7] UpdateResources(): done
Main schema: sources: schema/schema.gql [944B] 
 {"metadata":{"emulator":{"name":"dataconnect"},"message":"I0202 18:48:43.404386   32761 control.go:100] [/emulator/dashfronteplur 0db7] UpdateResources(): done\nMain schema: sources: schema/schema.gql [944B] \n"}}
[debug] [2026-02-02T18:48:43.447Z] Ignoring unsupported arg: auto_download {"metadata":{"emulator":{"name":"dataconnect"},"message":"Ignoring unsupported arg: auto_download"}}
[debug] [2026-02-02T18:48:43.448Z] Ignoring unsupported arg: port {"metadata":{"emulator":{"name":"dataconnect"},"message":"Ignoring unsupported arg: port"}}
[debug] [2026-02-02T18:48:43.448Z] Starting Data Connect Emulator with command {"binary":"/home/user/.cache/firebase/emulators/dataconnect-emulator-3.1.1","args":["--logtostderr","-v=2","dev","--listen=localhost:50001","--config_dir=/home/user/dashfronteplur/dataconnect","--enable_output_schema_extensions=true","--enable_output_generated_sdk=true"],"optionalArgs":["listen","config_dir","enable_output_schema_extensions","enable_output_generated_sdk"],"joinArgs":true,"shell":false,"port":9399} {"metadata":{"emulator":{"name":"dataconnect"},"message":"Starting Data Connect Emulator with command {\"binary\":\"/home/user/.cache/firebase/emulators/dataconnect-emulator-3.1.1\",\"args\":[\"--logtostderr\",\"-v=2\",\"dev\",\"--listen=localhost:50001\",\"--config_dir=/home/user/dashfronteplur/dataconnect\",\"--enable_output_schema_extensions=true\",\"--enable_output_generated_sdk=true\"],\"optionalArgs\":[\"listen\",\"config_dir\",\"enable_output_schema_extensions\",\"enable_output_generated_sdk\"],\"joinArgs\":true,\"shell\":false,\"port\":9399}"}}
[info] i  dataconnect: Data Connect Emulator logging to dataconnect-debug.log {"metadata":{"emulator":{"name":"dataconnect"},"message":"Data Connect Emulator logging to dataconnect-debug.log"}}
[debug] [2026-02-02T18:48:43.600Z] I0202 18:48:43.500699   32766 load.go:31] Reloading schema and connectors...
 {"metadata":{"emulator":{"name":"dataconnect"},"message":"I0202 18:48:43.500699   32766 load.go:31] Reloading schema and connectors...\n"}}
[debug] [2026-02-02T18:48:43.721Z] I0202 18:48:43.721270   32766 control.go:100] [/emulator/dashfronteplur 9197] UpdateResources(): done
Main schema: sources: schema/schema.gql [944B] 
 {"metadata":{"emulator":{"name":"dataconnect"},"message":"I0202 18:48:43.721270   32766 control.go:100] [/emulator/dashfronteplur 9197] UpdateResources(): done\nMain schema: sources: schema/schema.gql [944B] \n"}}
[debug] [2026-02-02T18:48:43.873Z] I0202 18:48:43.871975   32766 collector.go:107] schema extensions wrote into "/home/user/dashfronteplur/dataconnect/.dataconnect/schema"
Generated sources: main/mutation.gql [20650B] main/implicit.gql [3802B] main/input.gql [59642B] prelude.gql [73281B] main/relation.gql [30229B] main/query.gql [7643B] 
I0202 18:48:43.872073   32766 load.go:109] Finished reloading
 {"metadata":{"emulator":{"name":"dataconnect"},"message":"I0202 18:48:43.871975   32766 collector.go:107] schema extensions wrote into \"/home/user/dashfronteplur/dataconnect/.dataconnect/schema\"\nGenerated sources: main/mutation.gql [20650B] main/implicit.gql [3802B] main/input.gql [59642B] prelude.gql [73281B] main/relation.gql [30229B] main/query.gql [7643B] \nI0202 18:48:43.872073   32766 load.go:109] Finished reloading\n"}}
[debug] [2026-02-02T18:48:43.890Z] I0202 18:48:43.888965   32766 dev.go:104] Listening on address (HTTP + gRPC): 127.0.0.1:50001
 {"metadata":{"emulator":{"name":"dataconnect"},"message":"I0202 18:48:43.888965   32766 dev.go:104] Listening on address (HTTP + gRPC): 127.0.0.1:50001\n"}}
[error] [Firebase Plugin] error:  {}
[debug] [2026-02-02T18:50:45.900Z] [Firebase Plugin] Activating Firebase extension.
[debug] [2026-02-02T18:50:57.086Z] [Firebase Plugin] requireAuthWrapper
[debug] [2026-02-02T18:50:57.090Z] > command requires scopes: ["email","openid","https://www.googleapis.com/auth/cloudplatformprojects.readonly","https://www.googleapis.com/auth/firebase","https://www.googleapis.com/auth/cloud-platform","https://www.googleapis.com/auth/userinfo.email"]
[debug] [2026-02-02T18:50:57.092Z] > authorizing via signed-in user (eplurisinc@gmail.com)
[debug] [2026-02-02T18:50:57.100Z] Checked if tokens are valid: true, expires at: 1770059407627
[debug] [2026-02-02T18:50:57.101Z] Checked if tokens are valid: true, expires at: 1770059407627
[debug] [2026-02-02T18:50:57.104Z] [Firebase Plugin] User found:  eplurisinc@gmail.com
[info] [Firebase Plugin] (Core:Project) New user detected, fetching projects
[debug] [2026-02-02T18:50:57.108Z] Checked if tokens are valid: true, expires at: 1770059407627
[debug] [2026-02-02T18:50:57.113Z] >>> [apiv2][query] GET https://firebase.googleapis.com/v1beta1/projects pageSize=1000
[debug] [2026-02-02T18:50:57.263Z] [Firebase Plugin] VSCode notification server listening on port 40002
[debug] [2026-02-02T18:50:57.760Z] <<< [apiv2][status] GET https://firebase.googleapis.com/v1beta1/projects 200
[debug] [2026-02-02T18:50:57.764Z] <<< [apiv2][body] GET https://firebase.googleapis.com/v1beta1/projects [omitted]
[info] [Firebase Plugin] Starting Data Connect toolkit (version 3.1.1) on port 50002
[debug] [2026-02-02T18:50:59.197Z] I0202 18:50:59.152532   33404 control.go:100] [/emulator/dashfronteplur 812b] UpdateResources(): done
Main schema: sources: schema/schema.gql [944B] 
 {"metadata":{"emulator":{"name":"dataconnect"},"message":"I0202 18:50:59.152532   33404 control.go:100] [/emulator/dashfronteplur 812b] UpdateResources(): done\nMain schema: sources: schema/schema.gql [944B] \n"}}
[debug] [2026-02-02T18:50:59.199Z] Ignoring unsupported arg: auto_download {"metadata":{"emulator":{"name":"dataconnect"},"message":"Ignoring unsupported arg: auto_download"}}
[debug] [2026-02-02T18:50:59.200Z] Ignoring unsupported arg: port {"metadata":{"emulator":{"name":"dataconnect"},"message":"Ignoring unsupported arg: port"}}
[debug] [2026-02-02T18:50:59.201Z] Starting Data Connect Emulator with command {"binary":"/home/user/.cache/firebase/emulators/dataconnect-emulator-3.1.1","args":["--logtostderr","-v=2","dev","--listen=localhost:50002","--config_dir=/home/user/dashfronteplur/dataconnect","--enable_output_schema_extensions=true","--enable_output_generated_sdk=true"],"optionalArgs":["listen","config_dir","enable_output_schema_extensions","enable_output_generated_sdk"],"joinArgs":true,"shell":false,"port":9399} {"metadata":{"emulator":{"name":"dataconnect"},"message":"Starting Data Connect Emulator with command {\"binary\":\"/home/user/.cache/firebase/emulators/dataconnect-emulator-3.1.1\",\"args\":[\"--logtostderr\",\"-v=2\",\"dev\",\"--listen=localhost:50002\",\"--config_dir=/home/user/dashfronteplur/dataconnect\",\"--enable_output_schema_extensions=true\",\"--enable_output_generated_sdk=true\"],\"optionalArgs\":[\"listen\",\"config_dir\",\"enable_output_schema_extensions\",\"enable_output_generated_sdk\"],\"joinArgs\":true,\"shell\":false,\"port\":9399}"}}
[info] i  dataconnect: Data Connect Emulator logging to dataconnect-debug.log {"metadata":{"emulator":{"name":"dataconnect"},"message":"Data Connect Emulator logging to dataconnect-debug.log"}}
[debug] [2026-02-02T18:50:59.332Z] I0202 18:50:59.274120   33409 load.go:31] Reloading schema and connectors...
 {"metadata":{"emulator":{"name":"dataconnect"},"message":"I0202 18:50:59.274120   33409 load.go:31] Reloading schema and connectors...\n"}}
[debug] [2026-02-02T18:50:59.515Z] I0202 18:50:59.498967   33409 control.go:100] [/emulator/dashfronteplur f96a] UpdateResources(): done
Main schema: sources: schema/schema.gql [944B] 
 {"metadata":{"emulator":{"name":"dataconnect"},"message":"I0202 18:50:59.498967   33409 control.go:100] [/emulator/dashfronteplur f96a] UpdateResources(): done\nMain schema: sources: schema/schema.gql [944B] \n"}}
[debug] [2026-02-02T18:50:59.711Z] I0202 18:50:59.711305   33409 collector.go:107] schema extensions wrote into "/home/user/dashfronteplur/dataconnect/.dataconnect/schema"
Generated sources: main/mutation.gql [20650B] main/implicit.gql [3802B] main/input.gql [59642B] prelude.gql [73281B] main/relation.gql [30229B] main/query.gql [7643B] 
I0202 18:50:59.711400   33409 load.go:109] Finished reloading
 {"metadata":{"emulator":{"name":"dataconnect"},"message":"I0202 18:50:59.711305   33409 collector.go:107] schema extensions wrote into \"/home/user/dashfronteplur/dataconnect/.dataconnect/schema\"\nGenerated sources: main/mutation.gql [20650B] main/implicit.gql [3802B] main/input.gql [59642B] prelude.gql [73281B] main/relation.gql [30229B] main/query.gql [7643B] \nI0202 18:50:59.711400   33409 load.go:109] Finished reloading\n"}}
[debug] [2026-02-02T18:50:59.722Z] I0202 18:50:59.721203   33409 dev.go:104] Listening on address (HTTP + gRPC): 127.0.0.1:50002
 {"metadata":{"emulator":{"name":"dataconnect"},"message":"I0202 18:50:59.721203   33409 dev.go:104] Listening on address (HTTP + gRPC): 127.0.0.1:50002\n"}}
[error] [Firebase Plugin] error:  {}
[info] [Firebase Plugin] Stopping Data Connect toolkit
[warn] ⚠  Data Connect Emulator has exited upon receiving signal: SIGINT 
[debug] [2026-02-02T19:18:26.763Z] [Firebase Plugin] Activating Firebase extension.
[debug] [2026-02-02T19:18:38.255Z] [Firebase Plugin] requireAuthWrapper
[debug] [2026-02-02T19:18:38.258Z] > command requires scopes: ["email","openid","https://www.googleapis.com/auth/cloudplatformprojects.readonly","https://www.googleapis.com/auth/firebase","https://www.googleapis.com/auth/cloud-platform","https://www.googleapis.com/auth/userinfo.email"]
[debug] [2026-02-02T19:18:38.259Z] > authorizing via signed-in user (eplurisinc@gmail.com)
[debug] [2026-02-02T19:18:38.265Z] Checked if tokens are valid: false, expires at: 1770059407627
[debug] [2026-02-02T19:18:38.266Z] Checked if tokens are valid: false, expires at: 1770059407627
[debug] [2026-02-02T19:18:38.267Z] > refreshing access token with scopes: []
[debug] [2026-02-02T19:18:38.271Z] >>> [apiv2][query] POST https://www.googleapis.com/oauth2/v3/token [none]
[debug] [2026-02-02T19:18:38.272Z] >>> [apiv2][body] POST https://www.googleapis.com/oauth2/v3/token [omitted]
[debug] [2026-02-02T19:18:38.327Z] [Firebase Plugin] VSCode notification server listening on port 40001
[debug] [2026-02-02T19:18:38.545Z] <<< [apiv2][status] POST https://www.googleapis.com/oauth2/v3/token 200
[debug] [2026-02-02T19:18:38.546Z] <<< [apiv2][body] POST https://www.googleapis.com/oauth2/v3/token [omitted]
[debug] [2026-02-02T19:18:38.565Z] [Firebase Plugin] User found:  eplurisinc@gmail.com
[info] [Firebase Plugin] (Core:Project) New user detected, fetching projects
[debug] [2026-02-02T19:18:38.568Z] Checked if tokens are valid: true, expires at: 1770063517547
[debug] [2026-02-02T19:18:38.570Z] >>> [apiv2][query] GET https://firebase.googleapis.com/v1beta1/projects pageSize=1000
[info] [Firebase Plugin] Starting Data Connect toolkit (version 3.1.1) on port 50001
[debug] [2026-02-02T19:18:40.516Z] I0202 19:18:40.371459   39486 control.go:100] [/emulator/dashfronteplur 58d3] UpdateResources(): done
Main schema: sources: schema/schema.gql [944B] 
 {"metadata":{"emulator":{"name":"dataconnect"},"message":"I0202 19:18:40.371459   39486 control.go:100] [/emulator/dashfronteplur 58d3] UpdateResources(): done\nMain schema: sources: schema/schema.gql [944B] \n"}}
[debug] [2026-02-02T19:18:40.519Z] Ignoring unsupported arg: auto_download {"metadata":{"emulator":{"name":"dataconnect"},"message":"Ignoring unsupported arg: auto_download"}}
[debug] [2026-02-02T19:18:40.520Z] Ignoring unsupported arg: port {"metadata":{"emulator":{"name":"dataconnect"},"message":"Ignoring unsupported arg: port"}}
[debug] [2026-02-02T19:18:40.521Z] Starting Data Connect Emulator with command {"binary":"/home/user/.cache/firebase/emulators/dataconnect-emulator-3.1.1","args":["--logtostderr","-v=2","dev","--listen=localhost:50001","--config_dir=/home/user/dashfronteplur/dataconnect","--enable_output_schema_extensions=true","--enable_output_generated_sdk=true"],"optionalArgs":["listen","config_dir","enable_output_schema_extensions","enable_output_generated_sdk"],"joinArgs":true,"shell":false,"port":9399} {"metadata":{"emulator":{"name":"dataconnect"},"message":"Starting Data Connect Emulator with command {\"binary\":\"/home/user/.cache/firebase/emulators/dataconnect-emulator-3.1.1\",\"args\":[\"--logtostderr\",\"-v=2\",\"dev\",\"--listen=localhost:50001\",\"--config_dir=/home/user/dashfronteplur/dataconnect\",\"--enable_output_schema_extensions=true\",\"--enable_output_generated_sdk=true\"],\"optionalArgs\":[\"listen\",\"config_dir\",\"enable_output_schema_extensions\",\"enable_output_generated_sdk\"],\"joinArgs\":true,\"shell\":false,\"port\":9399}"}}
[info] i  dataconnect: Data Connect Emulator logging to dataconnect-debug.log {"metadata":{"emulator":{"name":"dataconnect"},"message":"Data Connect Emulator logging to dataconnect-debug.log"}}
[debug] [2026-02-02T19:18:40.703Z] I0202 19:18:40.572875   39495 load.go:31] Reloading schema and connectors...
 {"metadata":{"emulator":{"name":"dataconnect"},"message":"I0202 19:18:40.572875   39495 load.go:31] Reloading schema and connectors...\n"}}
[debug] [2026-02-02T19:18:40.795Z] I0202 19:18:40.776634   39495 control.go:100] [/emulator/dashfronteplur cacb] UpdateResources(): done
Main schema: sources: schema/schema.gql [944B] 
 {"metadata":{"emulator":{"name":"dataconnect"},"message":"I0202 19:18:40.776634   39495 control.go:100] [/emulator/dashfronteplur cacb] UpdateResources(): done\nMain schema: sources: schema/schema.gql [944B] \n"}}
[debug] [2026-02-02T19:18:40.845Z] <<< [apiv2][status] GET https://firebase.googleapis.com/v1beta1/projects 200
[debug] [2026-02-02T19:18:40.847Z] <<< [apiv2][body] GET https://firebase.googleapis.com/v1beta1/projects [omitted]
[debug] [2026-02-02T19:18:40.970Z] I0202 19:18:40.969060   39495 collector.go:107] schema extensions wrote into "/home/user/dashfronteplur/dataconnect/.dataconnect/schema"
Generated sources: main/relation.gql [30229B] main/query.gql [7643B] main/mutation.gql [20650B] prelude.gql [73281B] main/implicit.gql [3802B] main/input.gql [59642B] 
I0202 19:18:40.969148   39495 load.go:109] Finished reloading
 {"metadata":{"emulator":{"name":"dataconnect"},"message":"I0202 19:18:40.969060   39495 collector.go:107] schema extensions wrote into \"/home/user/dashfronteplur/dataconnect/.dataconnect/schema\"\nGenerated sources: main/relation.gql [30229B] main/query.gql [7643B] main/mutation.gql [20650B] prelude.gql [73281B] main/implicit.gql [3802B] main/input.gql [59642B] \nI0202 19:18:40.969148   39495 load.go:109] Finished reloading\n"}}
[debug] [2026-02-02T19:18:40.982Z] I0202 19:18:40.981531   39495 dev.go:104] Listening on address (HTTP + gRPC): 127.0.0.1:50001
 {"metadata":{"emulator":{"name":"dataconnect"},"message":"I0202 19:18:40.981531   39495 dev.go:104] Listening on address (HTTP + gRPC): 127.0.0.1:50001\n"}}
[error] [Firebase Plugin] error:  {}
[debug] [2026-02-02T19:33:03.344Z] [Firebase Plugin] Activating Firebase extension.
[debug] [2026-02-02T19:33:15.351Z] [Firebase Plugin] requireAuthWrapper
[debug] [2026-02-02T19:33:15.355Z] > command requires scopes: ["email","openid","https://www.googleapis.com/auth/cloudplatformprojects.readonly","https://www.googleapis.com/auth/firebase","https://www.googleapis.com/auth/cloud-platform","https://www.googleapis.com/auth/userinfo.email"]
[debug] [2026-02-02T19:33:15.356Z] > authorizing via signed-in user (eplurisinc@gmail.com)
[debug] [2026-02-02T19:33:15.362Z] Checked if tokens are valid: true, expires at: 1770063517547
[debug] [2026-02-02T19:33:15.363Z] Checked if tokens are valid: true, expires at: 1770063517547
[debug] [2026-02-02T19:33:15.364Z] [Firebase Plugin] User found:  eplurisinc@gmail.com
[info] [Firebase Plugin] (Core:Project) New user detected, fetching projects
[debug] [2026-02-02T19:33:15.367Z] Checked if tokens are valid: true, expires at: 1770063517547
[debug] [2026-02-02T19:33:15.370Z] >>> [apiv2][query] GET https://firebase.googleapis.com/v1beta1/projects pageSize=1000
[debug] [2026-02-02T19:33:15.439Z] [Firebase Plugin] VSCode notification server listening on port 40003
[info] [Firebase Plugin] Starting Data Connect toolkit (version 3.1.1) on port 50003
[debug] [2026-02-02T19:33:17.668Z] I0202 19:33:17.582002   45381 control.go:100] [/emulator/dashfronteplur fda4] UpdateResources(): done
Main schema: sources: schema/schema.gql [944B] 
 {"metadata":{"emulator":{"name":"dataconnect"},"message":"I0202 19:33:17.582002   45381 control.go:100] [/emulator/dashfronteplur fda4] UpdateResources(): done\nMain schema: sources: schema/schema.gql [944B] \n"}}
[debug] [2026-02-02T19:33:17.674Z] Ignoring unsupported arg: auto_download {"metadata":{"emulator":{"name":"dataconnect"},"message":"Ignoring unsupported arg: auto_download"}}
[debug] [2026-02-02T19:33:17.676Z] Ignoring unsupported arg: port {"metadata":{"emulator":{"name":"dataconnect"},"message":"Ignoring unsupported arg: port"}}
[debug] [2026-02-02T19:33:17.678Z] Starting Data Connect Emulator with command {"binary":"/home/user/.cache/firebase/emulators/dataconnect-emulator-3.1.1","args":["--logtostderr","-v=2","dev","--listen=localhost:50003","--config_dir=/home/user/dashfronteplur/dataconnect","--enable_output_schema_extensions=true","--enable_output_generated_sdk=true"],"optionalArgs":["listen","config_dir","enable_output_schema_extensions","enable_output_generated_sdk"],"joinArgs":true,"shell":false,"port":9399} {"metadata":{"emulator":{"name":"dataconnect"},"message":"Starting Data Connect Emulator with command {\"binary\":\"/home/user/.cache/firebase/emulators/dataconnect-emulator-3.1.1\",\"args\":[\"--logtostderr\",\"-v=2\",\"dev\",\"--listen=localhost:50003\",\"--config_dir=/home/user/dashfronteplur/dataconnect\",\"--enable_output_schema_extensions=true\",\"--enable_output_generated_sdk=true\"],\"optionalArgs\":[\"listen\",\"config_dir\",\"enable_output_schema_extensions\",\"enable_output_generated_sdk\"],\"joinArgs\":true,\"shell\":false,\"port\":9399}"}}
[info] i  dataconnect: Data Connect Emulator logging to dataconnect-debug.log {"metadata":{"emulator":{"name":"dataconnect"},"message":"Data Connect Emulator logging to dataconnect-debug.log"}}
[debug] [2026-02-02T19:33:17.828Z] I0202 19:33:17.796338   45386 load.go:31] Reloading schema and connectors...
 {"metadata":{"emulator":{"name":"dataconnect"},"message":"I0202 19:33:17.796338   45386 load.go:31] Reloading schema and connectors...\n"}}
[debug] [2026-02-02T19:33:17.909Z] <<< [apiv2][status] GET https://firebase.googleapis.com/v1beta1/projects 200
[debug] [2026-02-02T19:33:17.910Z] <<< [apiv2][body] GET https://firebase.googleapis.com/v1beta1/projects [omitted]
[info] [Firebase Plugin] Stopping Data Connect toolkit
[debug] [2026-02-02T19:33:18.076Z] I0202 19:33:18.056249   45386 control.go:100] [/emulator/dashfronteplur 9520] UpdateResources(): done
Main schema: sources: schema/schema.gql [944B] 
 {"metadata":{"emulator":{"name":"dataconnect"},"message":"I0202 19:33:18.056249   45386 control.go:100] [/emulator/dashfronteplur 9520] UpdateResources(): done\nMain schema: sources: schema/schema.gql [944B] \n"}}
[warn] ⚠  Data Connect Emulator has exited upon receiving signal: SIGINT 
[debug] [2026-02-02T19:33:18.377Z] I0202 19:33:18.374015   45386 collector.go:107] schema extensions wrote into "/home/user/dashfronteplur/dataconnect/.dataconnect/schema"
Generated sources: main/implicit.gql [3802B] main/input.gql [59642B] main/relation.gql [30229B] main/query.gql [7643B] main/mutation.gql [20650B] prelude.gql [73281B] 
I0202 19:33:18.374097   45386 load.go:109] Finished reloading
 {"metadata":{"emulator":{"name":"dataconnect"},"message":"I0202 19:33:18.374015   45386 collector.go:107] schema extensions wrote into \"/home/user/dashfronteplur/dataconnect/.dataconnect/schema\"\nGenerated sources: main/implicit.gql [3802B] main/input.gql [59642B] main/relation.gql [30229B] main/query.gql [7643B] main/mutation.gql [20650B] prelude.gql [73281B] \nI0202 19:33:18.374097   45386 load.go:109] Finished reloading\n"}}
[debug] [2026-02-02T19:33:18.431Z] I0202 19:33:18.418056   45386 dev.go:104] Listening on address (HTTP + gRPC): 127.0.0.1:50003
 {"metadata":{"emulator":{"name":"dataconnect"},"message":"I0202 19:33:18.418056   45386 dev.go:104] Listening on address (HTTP + gRPC): 127.0.0.1:50003\n"}}
[error] [Firebase Plugin] error:  {}
[debug] [2026-02-03T01:32:52.317Z] [Firebase Plugin] Activating Firebase extension.
[debug] [2026-02-03T01:33:04.306Z] [Firebase Plugin] requireAuthWrapper
[debug] [2026-02-03T01:33:04.309Z] > command requires scopes: ["email","openid","https://www.googleapis.com/auth/cloudplatformprojects.readonly","https://www.googleapis.com/auth/firebase","https://www.googleapis.com/auth/cloud-platform","https://www.googleapis.com/auth/userinfo.email"]
[debug] [2026-02-03T01:33:04.310Z] > authorizing via signed-in user (eplurisinc@gmail.com)
[debug] [2026-02-03T01:33:04.318Z] Checked if tokens are valid: false, expires at: 1770064432878
[debug] [2026-02-03T01:33:04.319Z] Checked if tokens are valid: false, expires at: 1770064432878
[debug] [2026-02-03T01:33:04.320Z] > refreshing access token with scopes: []
[debug] [2026-02-03T01:33:04.327Z] >>> [apiv2][query] POST https://www.googleapis.com/oauth2/v3/token [none]
[debug] [2026-02-03T01:33:04.328Z] >>> [apiv2][body] POST https://www.googleapis.com/oauth2/v3/token [omitted]
[debug] [2026-02-03T01:33:04.424Z] [Firebase Plugin] VSCode notification server listening on port 40001
[debug] [2026-02-03T01:33:04.545Z] <<< [apiv2][status] POST https://www.googleapis.com/oauth2/v3/token 200
[debug] [2026-02-03T01:33:04.547Z] <<< [apiv2][body] POST https://www.googleapis.com/oauth2/v3/token [omitted]
[debug] [2026-02-03T01:33:04.563Z] [Firebase Plugin] User found:  eplurisinc@gmail.com
[info] [Firebase Plugin] (Core:Project) New user detected, fetching projects
[debug] [2026-02-03T01:33:04.566Z] Checked if tokens are valid: true, expires at: 1770085983548
[debug] [2026-02-03T01:33:04.567Z] >>> [apiv2][query] GET https://firebase.googleapis.com/v1beta1/projects pageSize=1000
[info] [Firebase Plugin] Starting Data Connect toolkit (version 3.1.1) on port 50001
[debug] [2026-02-03T01:33:07.069Z] I0203 01:33:07.017525     382 control.go:100] [/emulator/dashfronteplur b506] UpdateResources(): done
Main schema: sources: schema/schema.gql [944B] 
 {"metadata":{"emulator":{"name":"dataconnect"},"message":"I0203 01:33:07.017525     382 control.go:100] [/emulator/dashfronteplur b506] UpdateResources(): done\nMain schema: sources: schema/schema.gql [944B] \n"}}
[debug] [2026-02-03T01:33:07.072Z] Ignoring unsupported arg: auto_download {"metadata":{"emulator":{"name":"dataconnect"},"message":"Ignoring unsupported arg: auto_download"}}
[debug] [2026-02-03T01:33:07.072Z] Ignoring unsupported arg: port {"metadata":{"emulator":{"name":"dataconnect"},"message":"Ignoring unsupported arg: port"}}
[debug] [2026-02-03T01:33:07.073Z] Starting Data Connect Emulator with command {"binary":"/home/user/.cache/firebase/emulators/dataconnect-emulator-3.1.1","args":["--logtostderr","-v=2","dev","--listen=localhost:50001","--config_dir=/home/user/dashfronteplur/dataconnect","--enable_output_schema_extensions=true","--enable_output_generated_sdk=true"],"optionalArgs":["listen","config_dir","enable_output_schema_extensions","enable_output_generated_sdk"],"joinArgs":true,"shell":false,"port":9399} {"metadata":{"emulator":{"name":"dataconnect"},"message":"Starting Data Connect Emulator with command {\"binary\":\"/home/user/.cache/firebase/emulators/dataconnect-emulator-3.1.1\",\"args\":[\"--logtostderr\",\"-v=2\",\"dev\",\"--listen=localhost:50001\",\"--config_dir=/home/user/dashfronteplur/dataconnect\",\"--enable_output_schema_extensions=true\",\"--enable_output_generated_sdk=true\"],\"optionalArgs\":[\"listen\",\"config_dir\",\"enable_output_schema_extensions\",\"enable_output_generated_sdk\"],\"joinArgs\":true,\"shell\":false,\"port\":9399}"}}
[info] i  dataconnect: Data Connect Emulator logging to dataconnect-debug.log {"metadata":{"emulator":{"name":"dataconnect"},"message":"Data Connect Emulator logging to dataconnect-debug.log"}}
[debug] [2026-02-03T01:33:07.325Z] I0203 01:33:07.188992     387 load.go:31] Reloading schema and connectors...
 {"metadata":{"emulator":{"name":"dataconnect"},"message":"I0203 01:33:07.188992     387 load.go:31] Reloading schema and connectors...\n"}}
[debug] [2026-02-03T01:33:07.527Z] <<< [apiv2][status] GET https://firebase.googleapis.com/v1beta1/projects 200
[debug] [2026-02-03T01:33:07.528Z] <<< [apiv2][body] GET https://firebase.googleapis.com/v1beta1/projects [omitted]
[debug] [2026-02-03T01:33:07.672Z] I0203 01:33:07.555425     387 control.go:100] [/emulator/dashfronteplur 3aa0] UpdateResources(): done
Main schema: sources: schema/schema.gql [944B] 
 {"metadata":{"emulator":{"name":"dataconnect"},"message":"I0203 01:33:07.555425     387 control.go:100] [/emulator/dashfronteplur 3aa0] UpdateResources(): done\nMain schema: sources: schema/schema.gql [944B] \n"}}
[debug] [2026-02-03T01:33:07.910Z] I0203 01:33:07.829532     387 collector.go:107] schema extensions wrote into "/home/user/dashfronteplur/dataconnect/.dataconnect/schema"
Generated sources: main/implicit.gql [3802B] main/input.gql [59642B] main/relation.gql [30229B] main/query.gql [7643B] main/mutation.gql [20650B] prelude.gql [73281B] 
I0203 01:33:07.829624     387 load.go:109] Finished reloading
I0203 01:33:07.846106     387 dev.go:104] Listening on address (HTTP + gRPC): 127.0.0.1:50001
 {"metadata":{"emulator":{"name":"dataconnect"},"message":"I0203 01:33:07.829532     387 collector.go:107] schema extensions wrote into \"/home/user/dashfronteplur/dataconnect/.dataconnect/schema\"\nGenerated sources: main/implicit.gql [3802B] main/input.gql [59642B] main/relation.gql [30229B] main/query.gql [7643B] main/mutation.gql [20650B] prelude.gql [73281B] \nI0203 01:33:07.829624     387 load.go:109] Finished reloading\nI0203 01:33:07.846106     387 dev.go:104] Listening on address (HTTP + gRPC): 127.0.0.1:50001\n"}}
[error] [Firebase Plugin] error:  {}
[debug] [2026-02-03T18:34:59.118Z] [Firebase Plugin] Activating Firebase extension.
[debug] [2026-02-03T18:35:13.037Z] [Firebase Plugin] requireAuthWrapper
[debug] [2026-02-03T18:35:13.039Z] > command requires scopes: ["email","openid","https://www.googleapis.com/auth/cloudplatformprojects.readonly","https://www.googleapis.com/auth/firebase","https://www.googleapis.com/auth/cloud-platform","https://www.googleapis.com/auth/userinfo.email"]
[debug] [2026-02-03T18:35:13.041Z] > authorizing via signed-in user (eplurisinc@gmail.com)
[debug] [2026-02-03T18:35:13.046Z] Checked if tokens are valid: false, expires at: 1770085983548
[debug] [2026-02-03T18:35:13.047Z] Checked if tokens are valid: false, expires at: 1770085983548
[debug] [2026-02-03T18:35:13.048Z] > refreshing access token with scopes: []
[debug] [2026-02-03T18:35:13.052Z] >>> [apiv2][query] POST https://www.googleapis.com/oauth2/v3/token [none]
[debug] [2026-02-03T18:35:13.052Z] >>> [apiv2][body] POST https://www.googleapis.com/oauth2/v3/token [omitted]
[debug] [2026-02-03T18:35:13.119Z] [Firebase Plugin] VSCode notification server listening on port 40001
[debug] [2026-02-03T18:35:13.285Z] <<< [apiv2][status] POST https://www.googleapis.com/oauth2/v3/token 200
[debug] [2026-02-03T18:35:13.285Z] <<< [apiv2][body] POST https://www.googleapis.com/oauth2/v3/token [omitted]
[debug] [2026-02-03T18:35:13.301Z] [Firebase Plugin] User found:  eplurisinc@gmail.com
[info] [Firebase Plugin] (Core:Project) New user detected, fetching projects
[debug] [2026-02-03T18:35:13.304Z] Checked if tokens are valid: true, expires at: 1770147312287
[debug] [2026-02-03T18:35:13.305Z] >>> [apiv2][query] GET https://firebase.googleapis.com/v1beta1/projects pageSize=1000
[info] [Firebase Plugin] Starting Data Connect toolkit (version 3.1.1) on port 50001
[debug] [2026-02-03T18:35:15.184Z] I0203 18:35:15.141944     401 control.go:100] [/emulator/dashfronteplur a9fa] UpdateResources(): done
Main schema: sources: schema/schema.gql [944B] 
 {"metadata":{"emulator":{"name":"dataconnect"},"message":"I0203 18:35:15.141944     401 control.go:100] [/emulator/dashfronteplur a9fa] UpdateResources(): done\nMain schema: sources: schema/schema.gql [944B] \n"}}
[debug] [2026-02-03T18:35:15.187Z] Ignoring unsupported arg: auto_download {"metadata":{"emulator":{"name":"dataconnect"},"message":"Ignoring unsupported arg: auto_download"}}
[debug] [2026-02-03T18:35:15.187Z] Ignoring unsupported arg: port {"metadata":{"emulator":{"name":"dataconnect"},"message":"Ignoring unsupported arg: port"}}
[debug] [2026-02-03T18:35:15.188Z] Starting Data Connect Emulator with command {"binary":"/home/user/.cache/firebase/emulators/dataconnect-emulator-3.1.1","args":["--logtostderr","-v=2","dev","--listen=localhost:50001","--config_dir=/home/user/dashfronteplur/dataconnect","--enable_output_schema_extensions=true","--enable_output_generated_sdk=true"],"optionalArgs":["listen","config_dir","enable_output_schema_extensions","enable_output_generated_sdk"],"joinArgs":true,"shell":false,"port":9399} {"metadata":{"emulator":{"name":"dataconnect"},"message":"Starting Data Connect Emulator with command {\"binary\":\"/home/user/.cache/firebase/emulators/dataconnect-emulator-3.1.1\",\"args\":[\"--logtostderr\",\"-v=2\",\"dev\",\"--listen=localhost:50001\",\"--config_dir=/home/user/dashfronteplur/dataconnect\",\"--enable_output_schema_extensions=true\",\"--enable_output_generated_sdk=true\"],\"optionalArgs\":[\"listen\",\"config_dir\",\"enable_output_schema_extensions\",\"enable_output_generated_sdk\"],\"joinArgs\":true,\"shell\":false,\"port\":9399}"}}
[info] i  dataconnect: Data Connect Emulator logging to dataconnect-debug.log {"metadata":{"emulator":{"name":"dataconnect"},"message":"Data Connect Emulator logging to dataconnect-debug.log"}}
[debug] [2026-02-03T18:35:15.334Z] I0203 18:35:15.306282     406 load.go:31] Reloading schema and connectors...
 {"metadata":{"emulator":{"name":"dataconnect"},"message":"I0203 18:35:15.306282     406 load.go:31] Reloading schema and connectors...\n"}}
[debug] [2026-02-03T18:35:15.533Z] I0203 18:35:15.519258     406 control.go:100] [/emulator/dashfronteplur fc0d] UpdateResources(): done
Main schema: sources: schema/schema.gql [944B] 
 {"metadata":{"emulator":{"name":"dataconnect"},"message":"I0203 18:35:15.519258     406 control.go:100] [/emulator/dashfronteplur fc0d] UpdateResources(): done\nMain schema: sources: schema/schema.gql [944B] \n"}}
[debug] [2026-02-03T18:35:15.684Z] <<< [apiv2][status] GET https://firebase.googleapis.com/v1beta1/projects 200
[debug] [2026-02-03T18:35:15.687Z] <<< [apiv2][body] GET https://firebase.googleapis.com/v1beta1/projects [omitted]
[debug] [2026-02-03T18:35:15.794Z] I0203 18:35:15.792355     406 collector.go:107] schema extensions wrote into "/home/user/dashfronteplur/dataconnect/.dataconnect/schema"
Generated sources: main/implicit.gql [3802B] main/input.gql [59642B] main/relation.gql [30229B] main/query.gql [7643B] main/mutation.gql [20650B] prelude.gql [73281B] 
I0203 18:35:15.793027     406 load.go:109] Finished reloading
 {"metadata":{"emulator":{"name":"dataconnect"},"message":"I0203 18:35:15.792355     406 collector.go:107] schema extensions wrote into \"/home/user/dashfronteplur/dataconnect/.dataconnect/schema\"\nGenerated sources: main/implicit.gql [3802B] main/input.gql [59642B] main/relation.gql [30229B] main/query.gql [7643B] main/mutation.gql [20650B] prelude.gql [73281B] \nI0203 18:35:15.793027     406 load.go:109] Finished reloading\n"}}
[debug] [2026-02-03T18:35:15.818Z] I0203 18:35:15.808166     406 dev.go:104] Listening on address (HTTP + gRPC): 127.0.0.1:50001
 {"metadata":{"emulator":{"name":"dataconnect"},"message":"I0203 18:35:15.808166     406 dev.go:104] Listening on address (HTTP + gRPC): 127.0.0.1:50001\n"}}
[error] [Firebase Plugin] error:  {}
[debug] [2026-02-03T18:38:31.848Z] [Firebase Plugin] Value of process.env.MONOSPACE_ENV: true
[debug] [2026-02-03T18:38:31.849Z] [Firebase Plugin] requireAuthWrapper
[debug] [2026-02-03T18:38:31.851Z] > command requires scopes: ["email","openid","https://www.googleapis.com/auth/cloudplatformprojects.readonly","https://www.googleapis.com/auth/firebase","https://www.googleapis.com/auth/cloud-platform","https://www.googleapis.com/auth/userinfo.email"]
[debug] [2026-02-03T18:38:31.851Z] > authorizing via signed-in user (eplurisinc@gmail.com)
[debug] [2026-02-03T18:38:31.852Z] [Firebase Plugin] Value of process.env.MONOSPACE_ENV: true
[debug] [2026-02-03T18:38:31.853Z] [Firebase Plugin] requireAuthWrapper
[debug] [2026-02-03T18:38:31.854Z] > command requires scopes: ["email","openid","https://www.googleapis.com/auth/cloudplatformprojects.readonly","https://www.googleapis.com/auth/firebase","https://www.googleapis.com/auth/cloud-platform","https://www.googleapis.com/auth/userinfo.email"]
[debug] [2026-02-03T18:38:31.854Z] > authorizing via signed-in user (eplurisinc@gmail.com)
[debug] [2026-02-03T18:38:31.856Z] Checked if tokens are valid: true, expires at: 1770147312287
[debug] [2026-02-03T18:38:31.856Z] Checked if tokens are valid: true, expires at: 1770147312287
[debug] [2026-02-03T18:38:31.857Z] [Firebase Plugin] User found:  eplurisinc@gmail.com
[debug] [2026-02-03T18:38:31.858Z] [Firebase Plugin] User found:  eplurisinc@gmail.com
[info] [Firebase Plugin] (Core:Project) New user detected, fetching projects
[debug] [2026-02-03T18:38:31.859Z] Checked if tokens are valid: true, expires at: 1770147312287
[info] [Firebase Plugin] (Core:Project) New user detected, fetching projects
[debug] [2026-02-03T18:38:31.860Z] Checked if tokens are valid: true, expires at: 1770147312287
[debug] [2026-02-03T18:38:31.861Z] >>> [apiv2][query] GET https://firebase.googleapis.com/v1beta1/projects pageSize=1000
[debug] [2026-02-03T18:38:31.863Z] >>> [apiv2][query] GET https://firebase.googleapis.com/v1beta1/projects pageSize=1000
[debug] [2026-02-03T18:38:32.219Z] <<< [apiv2][status] GET https://firebase.googleapis.com/v1beta1/projects 200
[debug] [2026-02-03T18:38:32.219Z] <<< [apiv2][body] GET https://firebase.googleapis.com/v1beta1/projects [omitted]
[debug] [2026-02-03T18:38:32.294Z] <<< [apiv2][status] GET https://firebase.googleapis.com/v1beta1/projects 200
[debug] [2026-02-03T18:38:32.295Z] <<< [apiv2][body] GET https://firebase.googleapis.com/v1beta1/projects [omitted]
[debug] [2026-02-03T18:39:55.805Z] I0203 18:39:55.803171     406 load.go:31] Reloading schema and connectors...
 {"metadata":{"emulator":{"name":"dataconnect"},"message":"I0203 18:39:55.803171     406 load.go:31] Reloading schema and connectors...\n"}}
[debug] [2026-02-03T18:39:56.105Z] I0203 18:39:56.104765     406 control.go:100] [/emulator/dashfronteplur 125e] UpdateResources(): done
Main schema: sources: schema/schema.gql [998B] 
 {"metadata":{"emulator":{"name":"dataconnect"},"message":"I0203 18:39:56.104765     406 control.go:100] [/emulator/dashfronteplur 125e] UpdateResources(): done\nMain schema: sources: schema/schema.gql [998B] \n"}}
[debug] [2026-02-03T18:39:56.375Z] I0203 18:39:56.375234     406 collector.go:107] schema extensions wrote into "/home/user/dashfronteplur/dataconnect/.dataconnect/schema"
Generated sources: main/mutation.gql [20344B] main/implicit.gql [2535B] main/input.gql [63635B] prelude.gql [73281B] main/relation.gql [32613B] main/query.gql [7528B] 
 {"metadata":{"emulator":{"name":"dataconnect"},"message":"I0203 18:39:56.375234     406 collector.go:107] schema extensions wrote into \"/home/user/dashfronteplur/dataconnect/.dataconnect/schema\"\nGenerated sources: main/mutation.gql [20344B] main/implicit.gql [2535B] main/input.gql [63635B] prelude.gql [73281B] main/relation.gql [32613B] main/query.gql [7528B] \n"}}
[debug] [2026-02-03T18:39:56.382Z] I0203 18:39:56.381864     406 load.go:109] Finished reloading
 {"metadata":{"emulator":{"name":"dataconnect"},"message":"I0203 18:39:56.381864     406 load.go:109] Finished reloading\n"}}
[debug] [2026-02-03T20:14:55.804Z] I0203 20:14:55.803489     406 load.go:31] Reloading schema and connectors...
 {"metadata":{"emulator":{"name":"dataconnect"},"message":"I0203 20:14:55.803489     406 load.go:31] Reloading schema and connectors...\n"}}
[debug] [2026-02-03T20:14:55.816Z] E0203 20:14:55.815799     406 load.go:73] Could not load sources: 
Errors: schema/schema.gql:9:6: Cannot redeclare type Query.
 {"metadata":{"emulator":{"name":"dataconnect"},"message":"E0203 20:14:55.815799     406 load.go:73] Could not load sources: \nErrors: schema/schema.gql:9:6: Cannot redeclare type Query.\n"}}
[debug] [2026-02-03T20:14:55.819Z] I0203 20:14:55.818969     406 collector.go:107] schema extensions wrote into "/home/user/dashfronteplur/dataconnect/.dataconnect/schema"
Generated sources: main/query.gql [7528B] main/mutation.gql [20344B] main/implicit.gql [2535B] main/input.gql [63635B] prelude.gql [73281B] main/relation.gql [32613B] 
 {"metadata":{"emulator":{"name":"dataconnect"},"message":"I0203 20:14:55.818969     406 collector.go:107] schema extensions wrote into \"/home/user/dashfronteplur/dataconnect/.dataconnect/schema\"\nGenerated sources: main/query.gql [7528B] main/mutation.gql [20344B] main/implicit.gql [2535B] main/input.gql [63635B] prelude.gql [73281B] main/relation.gql [32613B] \n"}}
[debug] [2026-02-03T20:14:55.820Z] I0203 20:14:55.819962     406 load.go:74] Finished reloading
 {"metadata":{"emulator":{"name":"dataconnect"},"message":"I0203 20:14:55.819962     406 load.go:74] Finished reloading\n"}}
[debug] [2026-02-03T22:03:49.185Z] [Firebase Plugin] Activating Firebase extension.
[debug] [2026-02-03T22:04:03.355Z] [Firebase Plugin] requireAuthWrapper
[debug] [2026-02-03T22:04:03.359Z] > command requires scopes: ["email","openid","https://www.googleapis.com/auth/cloudplatformprojects.readonly","https://www.googleapis.com/auth/firebase","https://www.googleapis.com/auth/cloud-platform","https://www.googleapis.com/auth/userinfo.email"]
[debug] [2026-02-03T22:04:03.361Z] > authorizing via signed-in user (eplurisinc@gmail.com)
[debug] [2026-02-03T22:04:03.395Z] Checked if tokens are valid: true, expires at: 1770159842023
[debug] [2026-02-03T22:04:03.395Z] Checked if tokens are valid: true, expires at: 1770159842023
[debug] [2026-02-03T22:04:03.396Z] [Firebase Plugin] User found:  eplurisinc@gmail.com
[info] [Firebase Plugin] (Core:Project) New user detected, fetching projects
[debug] [2026-02-03T22:04:03.399Z] Checked if tokens are valid: true, expires at: 1770159842023
[debug] [2026-02-03T22:04:03.402Z] >>> [apiv2][query] GET https://firebase.googleapis.com/v1beta1/projects pageSize=1000
[debug] [2026-02-03T22:04:03.510Z] [Firebase Plugin] VSCode notification server listening on port 40001
[info] [Firebase Plugin] Starting Data Connect toolkit (version 3.1.1) on port 50001
[debug] [2026-02-03T22:04:05.446Z] W0203 22:04:05.443505     404 build.go:56] Failed to construct deployment metadata: rpc error: code = NotFound desc = no schema found for service "dashfronteplur". No service has a schema.
 {"metadata":{"emulator":{"name":"dataconnect"},"message":"W0203 22:04:05.443505     404 build.go:56] Failed to construct deployment metadata: rpc error: code = NotFound desc = no schema found for service \"dashfronteplur\". No service has a schema.\n"}}
[debug] [2026-02-03T22:04:05.449Z] Ignoring unsupported arg: auto_download {"metadata":{"emulator":{"name":"dataconnect"},"message":"Ignoring unsupported arg: auto_download"}}
[debug] [2026-02-03T22:04:05.450Z] Ignoring unsupported arg: port {"metadata":{"emulator":{"name":"dataconnect"},"message":"Ignoring unsupported arg: port"}}
[debug] [2026-02-03T22:04:05.450Z] Starting Data Connect Emulator with command {"binary":"/home/user/.cache/firebase/emulators/dataconnect-emulator-3.1.1","args":["--logtostderr","-v=2","dev","--listen=localhost:50001","--config_dir=/home/user/dashfronteplur/dataconnect","--enable_output_schema_extensions=true","--enable_output_generated_sdk=true"],"optionalArgs":["listen","config_dir","enable_output_schema_extensions","enable_output_generated_sdk"],"joinArgs":true,"shell":false,"port":9399} {"metadata":{"emulator":{"name":"dataconnect"},"message":"Starting Data Connect Emulator with command {\"binary\":\"/home/user/.cache/firebase/emulators/dataconnect-emulator-3.1.1\",\"args\":[\"--logtostderr\",\"-v=2\",\"dev\",\"--listen=localhost:50001\",\"--config_dir=/home/user/dashfronteplur/dataconnect\",\"--enable_output_schema_extensions=true\",\"--enable_output_generated_sdk=true\"],\"optionalArgs\":[\"listen\",\"config_dir\",\"enable_output_schema_extensions\",\"enable_output_generated_sdk\"],\"joinArgs\":true,\"shell\":false,\"port\":9399}"}}
[info] i  dataconnect: Data Connect Emulator logging to dataconnect-debug.log {"metadata":{"emulator":{"name":"dataconnect"},"message":"Data Connect Emulator logging to dataconnect-debug.log"}}
[debug] [2026-02-03T22:04:05.572Z] I0203 22:04:05.524795     409 load.go:31] Reloading schema and connectors...
E0203 22:04:05.534437     409 load.go:63] Could not generate extensions: rpc error: code = NotFound desc = no schema found for service "dashfronteplur". No service has a schema.
E0203 22:04:05.534541     409 load.go:73] Could not load sources: 
Errors: schema/schema.gql:9:6: Cannot redeclare type Query.
I0203 22:04:05.535366     409 collector.go:107] schema extensions wrote into "/home/user/dashfronteplur/dataconnect/.dataconnect/schema"
Generated sources: prelude.gql [73281B] 
I0203 22:04:05.538644     409 collector.go:114] schema extensions deleted obsolete file "/home/user/dashfronteplur/dataconnect/.dataconnect/schema/main/implicit.gql"
I0203 22:04:05.538743     409 collector.go:114] schema extensions deleted obsolete file "/home/user/dashfronteplur/dataconnect/.dataconnect/schema/main/input.gql"
I0203 22:04:05.538794     409 collector.go:114] schema extensions deleted obsolete file "/home/user/dashfronteplur/dataconnect/.dataconnect/schema/main/mutation.gql"
I0203 22:04:05.538838     409 collector.go:114] schema extensions deleted obsolete file "/home/user/dashfronteplur/dataconnect/.dataconnect/schema/main/query.gql"
I0203 22:04:05.538885     409 collector.go:114] schema extensions deleted obsolete file "/home/user/dashfronteplur/dataconnect/.dataconnect/schema/main/relation.gql"
I0203 22:04:05.538959     409 load.go:74] Finished reloading
I0203 22:04:05.564348     409 dev.go:104] Listening on address (HTTP + gRPC): 127.0.0.1:50001
 {"metadata":{"emulator":{"name":"dataconnect"},"message":"I0203 22:04:05.524795     409 load.go:31] Reloading schema and connectors...\nE0203 22:04:05.534437     409 load.go:63] Could not generate extensions: rpc error: code = NotFound desc = no schema found for service \"dashfronteplur\". No service has a schema.\nE0203 22:04:05.534541     409 load.go:73] Could not load sources: \nErrors: schema/schema.gql:9:6: Cannot redeclare type Query.\nI0203 22:04:05.535366     409 collector.go:107] schema extensions wrote into \"/home/user/dashfronteplur/dataconnect/.dataconnect/schema\"\nGenerated sources: prelude.gql [73281B] \nI0203 22:04:05.538644     409 collector.go:114] schema extensions deleted obsolete file \"/home/user/dashfronteplur/dataconnect/.dataconnect/schema/main/implicit.gql\"\nI0203 22:04:05.538743     409 collector.go:114] schema extensions deleted obsolete file \"/home/user/dashfronteplur/dataconnect/.dataconnect/schema/main/input.gql\"\nI0203 22:04:05.538794     409 collector.go:114] schema extensions deleted obsolete file \"/home/user/dashfronteplur/dataconnect/.dataconnect/schema/main/mutation.gql\"\nI0203 22:04:05.538838     409 collector.go:114] schema extensions deleted obsolete file \"/home/user/dashfronteplur/dataconnect/.dataconnect/schema/main/query.gql\"\nI0203 22:04:05.538885     409 collector.go:114] schema extensions deleted obsolete file \"/home/user/dashfronteplur/dataconnect/.dataconnect/schema/main/relation.gql\"\nI0203 22:04:05.538959     409 load.go:74] Finished reloading\nI0203 22:04:05.564348     409 dev.go:104] Listening on address (HTTP + gRPC): 127.0.0.1:50001\n"}}
[debug] [2026-02-03T22:04:05.591Z] <<< [apiv2][status] GET https://firebase.googleapis.com/v1beta1/projects 200
[debug] [2026-02-03T22:04:05.593Z] <<< [apiv2][body] GET https://firebase.googleapis.com/v1beta1/projects [omitted]
[error] [Firebase Plugin] error:  {}
[debug] [2026-02-04T02:17:00.348Z] [Firebase Plugin] Activating Firebase extension.
[debug] [2026-02-04T02:17:13.831Z] [Firebase Plugin] requireAuthWrapper
[debug] [2026-02-04T02:17:13.833Z] > command requires scopes: ["email","openid","https://www.googleapis.com/auth/cloudplatformprojects.readonly","https://www.googleapis.com/auth/firebase","https://www.googleapis.com/auth/cloud-platform","https://www.googleapis.com/auth/userinfo.email"]
[debug] [2026-02-04T02:17:13.834Z] > authorizing via signed-in user (eplurisinc@gmail.com)
[debug] [2026-02-04T02:17:13.846Z] Checked if tokens are valid: false, expires at: 1770159842023
[debug] [2026-02-04T02:17:13.847Z] Checked if tokens are valid: false, expires at: 1770159842023
[debug] [2026-02-04T02:17:13.852Z] > refreshing access token with scopes: []
[debug] [2026-02-04T02:17:13.862Z] >>> [apiv2][query] POST https://www.googleapis.com/oauth2/v3/token [none]
[debug] [2026-02-04T02:17:13.863Z] >>> [apiv2][body] POST https://www.googleapis.com/oauth2/v3/token [omitted]
[debug] [2026-02-04T02:17:14.029Z] [Firebase Plugin] VSCode notification server listening on port 40001
[debug] [2026-02-04T02:17:14.531Z] <<< [apiv2][status] POST https://www.googleapis.com/oauth2/v3/token 200
[debug] [2026-02-04T02:17:14.538Z] <<< [apiv2][body] POST https://www.googleapis.com/oauth2/v3/token [omitted]
[debug] [2026-02-04T02:17:14.596Z] [Firebase Plugin] User found:  eplurisinc@gmail.com
[info] [Firebase Plugin] (Core:Project) New user detected, fetching projects
[debug] [2026-02-04T02:17:14.611Z] Checked if tokens are valid: true, expires at: 1770175033539
[debug] [2026-02-04T02:17:14.620Z] >>> [apiv2][query] GET https://firebase.googleapis.com/v1beta1/projects pageSize=1000
[info] [Firebase Plugin] Starting Data Connect toolkit (version 3.1.1) on port 50001
[debug] [2026-02-04T02:17:18.514Z] W0204 02:17:18.511440     389 build.go:56] Failed to construct deployment metadata: rpc error: code = NotFound desc = no schema found for service "dashfronteplur". No service has a schema.
 {"metadata":{"emulator":{"name":"dataconnect"},"message":"W0204 02:17:18.511440     389 build.go:56] Failed to construct deployment metadata: rpc error: code = NotFound desc = no schema found for service \"dashfronteplur\". No service has a schema.\n"}}
[debug] [2026-02-04T02:17:18.517Z] Ignoring unsupported arg: auto_download {"metadata":{"emulator":{"name":"dataconnect"},"message":"Ignoring unsupported arg: auto_download"}}
[debug] [2026-02-04T02:17:18.517Z] Ignoring unsupported arg: port {"metadata":{"emulator":{"name":"dataconnect"},"message":"Ignoring unsupported arg: port"}}
[debug] [2026-02-04T02:17:18.518Z] Starting Data Connect Emulator with command {"binary":"/home/user/.cache/firebase/emulators/dataconnect-emulator-3.1.1","args":["--logtostderr","-v=2","dev","--listen=localhost:50001","--config_dir=/home/user/dashfronteplur/dataconnect","--enable_output_schema_extensions=true","--enable_output_generated_sdk=true"],"optionalArgs":["listen","config_dir","enable_output_schema_extensions","enable_output_generated_sdk"],"joinArgs":true,"shell":false,"port":9399} {"metadata":{"emulator":{"name":"dataconnect"},"message":"Starting Data Connect Emulator with command {\"binary\":\"/home/user/.cache/firebase/emulators/dataconnect-emulator-3.1.1\",\"args\":[\"--logtostderr\",\"-v=2\",\"dev\",\"--listen=localhost:50001\",\"--config_dir=/home/user/dashfronteplur/dataconnect\",\"--enable_output_schema_extensions=true\",\"--enable_output_generated_sdk=true\"],\"optionalArgs\":[\"listen\",\"config_dir\",\"enable_output_schema_extensions\",\"enable_output_generated_sdk\"],\"joinArgs\":true,\"shell\":false,\"port\":9399}"}}
[info] i  dataconnect: Data Connect Emulator logging to dataconnect-debug.log {"metadata":{"emulator":{"name":"dataconnect"},"message":"Data Connect Emulator logging to dataconnect-debug.log"}}
[debug] [2026-02-04T02:17:18.649Z] I0204 02:17:18.599436     394 load.go:31] Reloading schema and connectors...
E0204 02:17:18.628262     394 load.go:63] Could not generate extensions: rpc error: code = NotFound desc = no schema found for service "dashfronteplur". No service has a schema.
E0204 02:17:18.628321     394 load.go:73] Could not load sources: 
Errors: schema/schema.gql:9:6: Cannot redeclare type Query.
I0204 02:17:18.632582     394 collector.go:107] schema extensions wrote into "/home/user/dashfronteplur/dataconnect/.dataconnect/schema"
Generated sources: prelude.gql [73281B] 
I0204 02:17:18.634311     394 load.go:74] Finished reloading
 {"metadata":{"emulator":{"name":"dataconnect"},"message":"I0204 02:17:18.599436     394 load.go:31] Reloading schema and connectors...\nE0204 02:17:18.628262     394 load.go:63] Could not generate extensions: rpc error: code = NotFound desc = no schema found for service \"dashfronteplur\". No service has a schema.\nE0204 02:17:18.628321     394 load.go:73] Could not load sources: \nErrors: schema/schema.gql:9:6: Cannot redeclare type Query.\nI0204 02:17:18.632582     394 collector.go:107] schema extensions wrote into \"/home/user/dashfronteplur/dataconnect/.dataconnect/schema\"\nGenerated sources: prelude.gql [73281B] \nI0204 02:17:18.634311     394 load.go:74] Finished reloading\n"}}
[debug] [2026-02-04T02:17:18.704Z] I0204 02:17:18.676863     394 dev.go:104] Listening on address (HTTP + gRPC): 127.0.0.1:50001
 {"metadata":{"emulator":{"name":"dataconnect"},"message":"I0204 02:17:18.676863     394 dev.go:104] Listening on address (HTTP + gRPC): 127.0.0.1:50001\n"}}
[error] [Firebase Plugin] error:  {}
[debug] [2026-02-04T02:17:19.009Z] <<< [apiv2][status] GET https://firebase.googleapis.com/v1beta1/projects 200
[debug] [2026-02-04T02:17:19.010Z] <<< [apiv2][body] GET https://firebase.googleapis.com/v1beta1/projects [omitted]
[debug] [2026-02-04T17:29:52.154Z] [Firebase Plugin] Activating Firebase extension.
[debug] [2026-02-04T17:30:10.899Z] [Firebase Plugin] requireAuthWrapper
[debug] [2026-02-04T17:30:10.902Z] > command requires scopes: ["email","openid","https://www.googleapis.com/auth/cloudplatformprojects.readonly","https://www.googleapis.com/auth/firebase","https://www.googleapis.com/auth/cloud-platform","https://www.googleapis.com/auth/userinfo.email"]
[debug] [2026-02-04T17:30:10.903Z] > authorizing via signed-in user (eplurisinc@gmail.com)
[debug] [2026-02-04T17:30:10.909Z] Checked if tokens are valid: false, expires at: 1770175033539
[debug] [2026-02-04T17:30:10.910Z] Checked if tokens are valid: false, expires at: 1770175033539
[debug] [2026-02-04T17:30:10.911Z] > refreshing access token with scopes: []
[debug] [2026-02-04T17:30:10.914Z] >>> [apiv2][query] POST https://www.googleapis.com/oauth2/v3/token [none]
[debug] [2026-02-04T17:30:10.915Z] >>> [apiv2][body] POST https://www.googleapis.com/oauth2/v3/token [omitted]
[debug] [2026-02-04T17:30:10.998Z] [Firebase Plugin] VSCode notification server listening on port 40001
[debug] [2026-02-04T17:30:11.117Z] <<< [apiv2][status] POST https://www.googleapis.com/oauth2/v3/token 200
[debug] [2026-02-04T17:30:11.118Z] <<< [apiv2][body] POST https://www.googleapis.com/oauth2/v3/token [omitted]
[debug] [2026-02-04T17:30:11.150Z] [Firebase Plugin] User found:  eplurisinc@gmail.com
[info] [Firebase Plugin] (Core:Project) New user detected, fetching projects
[debug] [2026-02-04T17:30:11.155Z] Checked if tokens are valid: true, expires at: 1770229810118
[debug] [2026-02-04T17:30:11.158Z] >>> [apiv2][query] GET https://firebase.googleapis.com/v1beta1/projects pageSize=1000
[info] [Firebase Plugin] Starting Data Connect toolkit (version 3.1.1) on port 50001
[debug] [2026-02-04T17:30:14.047Z] W0204 17:30:14.044397     395 build.go:56] Failed to construct deployment metadata: rpc error: code = NotFound desc = no schema found for service "dashfronteplur". No service has a schema.
 {"metadata":{"emulator":{"name":"dataconnect"},"message":"W0204 17:30:14.044397     395 build.go:56] Failed to construct deployment metadata: rpc error: code = NotFound desc = no schema found for service \"dashfronteplur\". No service has a schema.\n"}}
[debug] [2026-02-04T17:30:14.049Z] Ignoring unsupported arg: auto_download {"metadata":{"emulator":{"name":"dataconnect"},"message":"Ignoring unsupported arg: auto_download"}}
[debug] [2026-02-04T17:30:14.050Z] Ignoring unsupported arg: port {"metadata":{"emulator":{"name":"dataconnect"},"message":"Ignoring unsupported arg: port"}}
[debug] [2026-02-04T17:30:14.051Z] Starting Data Connect Emulator with command {"binary":"/home/user/.cache/firebase/emulators/dataconnect-emulator-3.1.1","args":["--logtostderr","-v=2","dev","--listen=localhost:50001","--config_dir=/home/user/dashfronteplur/dataconnect","--enable_output_schema_extensions=true","--enable_output_generated_sdk=true"],"optionalArgs":["listen","config_dir","enable_output_schema_extensions","enable_output_generated_sdk"],"joinArgs":true,"shell":false,"port":9399} {"metadata":{"emulator":{"name":"dataconnect"},"message":"Starting Data Connect Emulator with command {\"binary\":\"/home/user/.cache/firebase/emulators/dataconnect-emulator-3.1.1\",\"args\":[\"--logtostderr\",\"-v=2\",\"dev\",\"--listen=localhost:50001\",\"--config_dir=/home/user/dashfronteplur/dataconnect\",\"--enable_output_schema_extensions=true\",\"--enable_output_generated_sdk=true\"],\"optionalArgs\":[\"listen\",\"config_dir\",\"enable_output_schema_extensions\",\"enable_output_generated_sdk\"],\"joinArgs\":true,\"shell\":false,\"port\":9399}"}}
[info] i  dataconnect: Data Connect Emulator logging to dataconnect-debug.log {"metadata":{"emulator":{"name":"dataconnect"},"message":"Data Connect Emulator logging to dataconnect-debug.log"}}
[debug] [2026-02-04T17:30:14.172Z] I0204 17:30:14.127812     401 load.go:31] Reloading schema and connectors...
E0204 17:30:14.145273     401 load.go:63] Could not generate extensions: rpc error: code = NotFound desc = no schema found for service "dashfronteplur". No service has a schema.
E0204 17:30:14.145338     401 load.go:73] Could not load sources: 
Errors: schema/schema.gql:9:6: Cannot redeclare type Query.
I0204 17:30:14.146675     401 collector.go:107] schema extensions wrote into "/home/user/dashfronteplur/dataconnect/.dataconnect/schema"
Generated sources: prelude.gql [73281B] 
I0204 17:30:14.149611     401 load.go:74] Finished reloading
I0204 17:30:14.163538     401 dev.go:104] Listening on address (HTTP + gRPC): 127.0.0.1:50001
 {"metadata":{"emulator":{"name":"dataconnect"},"message":"I0204 17:30:14.127812     401 load.go:31] Reloading schema and connectors...\nE0204 17:30:14.145273     401 load.go:63] Could not generate extensions: rpc error: code = NotFound desc = no schema found for service \"dashfronteplur\". No service has a schema.\nE0204 17:30:14.145338     401 load.go:73] Could not load sources: \nErrors: schema/schema.gql:9:6: Cannot redeclare type Query.\nI0204 17:30:14.146675     401 collector.go:107] schema extensions wrote into \"/home/user/dashfronteplur/dataconnect/.dataconnect/schema\"\nGenerated sources: prelude.gql [73281B] \nI0204 17:30:14.149611     401 load.go:74] Finished reloading\nI0204 17:30:14.163538     401 dev.go:104] Listening on address (HTTP + gRPC): 127.0.0.1:50001\n"}}
[debug] [2026-02-04T17:30:14.207Z] <<< [apiv2][status] GET https://firebase.googleapis.com/v1beta1/projects 200
[debug] [2026-02-04T17:30:14.208Z] <<< [apiv2][body] GET https://firebase.googleapis.com/v1beta1/projects [omitted]
[error] [Firebase Plugin] error:  {}
[debug] [2026-02-04T17:52:04.161Z] I0204 17:52:04.160386     401 load.go:31] Reloading schema and connectors...
 {"metadata":{"emulator":{"name":"dataconnect"},"message":"I0204 17:52:04.160386     401 load.go:31] Reloading schema and connectors...\n"}}
[debug] [2026-02-04T17:52:04.168Z] E0204 17:52:04.165712     401 load.go:63] Could not generate extensions: rpc error: code = NotFound desc = no schema found for service "dashfronteplur". No service has a schema.
E0204 17:52:04.165783     401 load.go:73] Could not load sources: 
Errors: schema/schema.gql:2:12: Undefined directive column.
I0204 17:52:04.166313     401 collector.go:107] schema extensions wrote into "/home/user/dashfronteplur/dataconnect/.dataconnect/schema"
Generated sources: prelude.gql [73281B] 
I0204 17:52:04.166350     401 load.go:74] Finished reloading
 {"metadata":{"emulator":{"name":"dataconnect"},"message":"E0204 17:52:04.165712     401 load.go:63] Could not generate extensions: rpc error: code = NotFound desc = no schema found for service \"dashfronteplur\". No service has a schema.\nE0204 17:52:04.165783     401 load.go:73] Could not load sources: \nErrors: schema/schema.gql:2:12: Undefined directive column.\nI0204 17:52:04.166313     401 collector.go:107] schema extensions wrote into \"/home/user/dashfronteplur/dataconnect/.dataconnect/schema\"\nGenerated sources: prelude.gql [73281B] \nI0204 17:52:04.166350     401 load.go:74] Finished reloading\n"}}
